<?xml version="1.0" encoding="UTF-8"?>
<!-- Generated by org.testng.reporters.JUnitReportReporter -->
<testsuite hostname="SCMV2023" failures="0" tests="5" name="com.test.swagTest" time="122.900" errors="0" timestamp="2024-12-06T19:22:15 CST" skipped="0">
  <testcase classname="com.test.swagTest" name="testCase1" time="6.916"/>
  <testcase classname="com.test.swagTest" name="testCase5" time="37.075"/>
  <testcase classname="com.test.swagTest" name="testCase4" time="32.671"/>
  <testcase classname="com.test.swagTest" name="testCase2" time="29.800"/>
  <testcase classname="com.test.swagTest" name="testCase3" time="16.438"/>
</testsuite> <!-- com.test.swagTest -->
